Log File Is Successfully Opened!
D3D11CreateDeviceAndSwapChain() Succeeded.
The Chosen Driver is Of Hardware Type.
The Supported Highest Feature Level is 11.0.

D3DCompile() Succeeded for Vertex Shader.
ID3D11Device::CreateVertexShader() Succeeded!

D3DCompile() Succeeded for Pixel Shader.
ID3D11Device::CreatePixelShader() Succeeded!

ID3D11Device::CreateInputLayout() Succeeded!

ID3D11Device::CreateBuffer() Succeeded for Position of Pyramid Vertex Buffer!
ID3D11Device::CreateBuffer() Succeeded for Position of Pyramid Constant Buffer!

ID3D11Device::CreateBuffer() Succeeded for Texture of Pyramid Vertex Buffer!
ID3D11Device::CreateBuffer() Succeeded for Texture of Pyramid Constant Buffer!

ID3D11Device::CreateBuffer() Succeeded for Position of Cube Vertex Buffer!
ID3D11Device::CreateBuffer() Succeeded for Position of Cube Constant Buffer!

ID3D11Device::CreateBuffer() Succeeded for Texture of Cube Vertex Buffer!
ID3D11Device::CreateBuffer() Succeeded for Texture of Cube Constant Buffer!

ID3D11Device::CreateRasterizerState() Succeeded!

DirectX::CreateWICTextureFromFile() Succeeded.
loadD3DTexture() for Stone Succeeded!

DirectX::CreateWICTextureFromFile() Succeeded.
loadD3DTexture() for Kundali Succeeded!

gpID3D11Device_rvg::CreateSamplerState() Succeeded!

ID3D11Device::CreateRenderTargetView() Succeeded.
ID3D11Device::CreateTexture2D() in Depth Succeeded.
ID3D11Device::CreateDepthStencilView() in Depth Succeeded.

resize() Succeeded.
initialize() Succeeded.
ID3D11Device::CreateRenderTargetView() Succeeded.
ID3D11Device::CreateTexture2D() in Depth Succeeded.
ID3D11Device::CreateDepthStencilView() in Depth Succeeded.
resize() Succeeded.
ID3D11Device::CreateRenderTargetView() Succeeded.
ID3D11Device::CreateTexture2D() in Depth Succeeded.
ID3D11Device::CreateDepthStencilView() in Depth Succeeded.
resize() Succeeded.
uninitialize() Succeeded.
Log File is Successfully Closed!
